16:16:50 **** Clean-only build of configuration Debug for project Guitar Effects SDOS 2024 ****
make clean 
make: *** No rule to make target 'clean'.  Stop.
16:16:53 **** Build of configuration Debug for project Guitar Effects SDOS 2024 ****
make all 
'Building file: ../system/startup_ldf/app_IVT.s'
'Invoking: CrossCore SHARC Assembler'
easm21k -file-attr ProjectName="Guitar Effects SDOS 2024" -proc ADSP-21489 -si-revision 0.2 -g -DCORE0 -D_DEBUG @includes-045b804b93dee73bd7ca0f88746a6877.txt -swc -gnu-style-dependencies -MM -Mo "system/startup_ldf/app_IVT.d" -o "system/startup_ldf/app_IVT.doj" "../system/startup_ldf/app_IVT.s"
'Finished building: ../system/startup_ldf/app_IVT.s'
' '
'Building file: ../system/startup_ldf/app_heaptab.c'
'Invoking: CrossCore SHARC C/C++ Compiler'
cc21k -c -file-attr ProjectName="Guitar Effects SDOS 2024" -proc ADSP-21489 -flags-compiler --no_wrap_diagnostics -si-revision 0.2 -g -DCORE0 -DDO_CYCLE_COUNTS -D_DEBUG @includes-8098e5ce0b278afbb4303f541faa2ea6.txt -structs-do-not-overlap -no-const-strings -no-multiline -warn-protos -double-size-32 -swc -gnu-style-dependencies -MD -Mo "system/startup_ldf/app_heaptab.d" -o "system/startup_ldf/app_heaptab.doj" "../system/startup_ldf/app_heaptab.c"
'Finished building: ../system/startup_ldf/app_heaptab.c'
' '
'Building file: ../system/startup_ldf/app_startup.s'
'Invoking: CrossCore SHARC Assembler'
easm21k -file-attr ProjectName="Guitar Effects SDOS 2024" -proc ADSP-21489 -si-revision 0.2 -g -DCORE0 -D_DEBUG @includes-045b804b93dee73bd7ca0f88746a6877.txt -swc -gnu-style-dependencies -MM -Mo "system/startup_ldf/app_startup.d" -o "system/startup_ldf/app_startup.doj" "../system/startup_ldf/app_startup.s"
'Finished building: ../system/startup_ldf/app_startup.s'
' '
'Building file: ../system/sru/sru_config.c'
'Invoking: CrossCore SHARC C/C++ Compiler'
cc21k -c -file-attr ProjectName="Guitar Effects SDOS 2024" -proc ADSP-21489 -flags-compiler --no_wrap_diagnostics -si-revision 0.2 -g -DCORE0 -DDO_CYCLE_COUNTS -D_DEBUG @includes-8098e5ce0b278afbb4303f541faa2ea6.txt -structs-do-not-overlap -no-const-strings -no-multiline -warn-protos -double-size-32 -swc -gnu-style-dependencies -MD -Mo "system/sru/sru_config.d" -o "system/sru/sru_config.doj" "../system/sru/sru_config.c"
'Finished building: ../system/sru/sru_config.c'
' '
'Building file: ../system/adi_initialize.c'
'Invoking: CrossCore SHARC C/C++ Compiler'
cc21k -c -file-attr ProjectName="Guitar Effects SDOS 2024" -proc ADSP-21489 -flags-compiler --no_wrap_diagnostics -si-revision 0.2 -g -DCORE0 -DDO_CYCLE_COUNTS -D_DEBUG @includes-8098e5ce0b278afbb4303f541faa2ea6.txt -structs-do-not-overlap -no-const-strings -no-multiline -warn-protos -double-size-32 -swc -gnu-style-dependencies -MD -Mo "system/adi_initialize.d" -o "system/adi_initialize.doj" "../system/adi_initialize.c"
'Finished building: ../system/adi_initialize.c'
' '
'Building file: ../src/main.c'
'Invoking: CrossCore SHARC C/C++ Compiler'
cc21k -c -file-attr ProjectName="Guitar Effects SDOS 2024" -proc ADSP-21489 -flags-compiler --no_wrap_diagnostics -si-revision 0.2 -g -DCORE0 -DDO_CYCLE_COUNTS -D_DEBUG @includes-8098e5ce0b278afbb4303f541faa2ea6.txt -structs-do-not-overlap -no-const-strings -no-multiline -warn-protos -double-size-32 -swc -gnu-style-dependencies -MD -Mo "src/main.d" -o "src/main.doj" "../src/main.c"
"..\src\main.c", line 66: cc0144: {D} warning: a value of type "void *" cannot be used to initialize an entity of type "int"
  	int * input_signal = NULL, output_signal = NULL;
  	                                           ^

"..\src\main.c", line 82: cc0513: {D} warning: a value of type "int *" cannot be assigned to an entity of type "int"
  	output_signal = (int *)heap_malloc(index, sizeof(int));
  	              ^

"..\src\main.c", line 83: cc0042: {D} warning: operand types are incompatible ("int" and "void *")
  	if(output_signal == NULL)
  	                 ^

"..\src\main.c", line 91: cc0142:  error: expression must have pointer-to-object type
  		output_signal[i] = 0;
  		              ^

"..\src\main.c", line 95: cc0167: {D} warning: argument of type "int" is incompatible with parameter of type "int *"
  	delay(input_signal, output_signal, sound_wav_len);
  	                    ^

"..\src\main.c", line 99: cc0223: {D} warning: function "open" declared implicitly
  	file = open("output/delayed_signal.txt", "w");
  	       ^

"..\src\main.c", line 99: cc1080: {D} warning: Function does not have a full prototype
  	file = open("output/delayed_signal.txt", "w");
  	       ^

"..\src\main.c", line 99: cc0513: {D} warning: a value of type "int" cannot be assigned to an entity of type "FILE *"
  	file = open("output/delayed_signal.txt", "w");
  	     ^

"..\src\main.c", line 106: cc0142:  error: expression must have pointer-to-object type
  		fprintf(file, "%d\n", output_signal[i]);
  		                                    ^

"..\src\main.c", line 110: cc0167: {D} warning: argument of type "int" is incompatible with parameter of type "void *"
  	heap_free(index, output_signal);
  	                 ^

"..\src\main.c", line 196: cc0852:  error: expression must be a pointer to a complete object type
  		output_signal[i] = (int)(input_signal[i] * m_function[i]);
  		                                           ^

"..\src\main.c", line 278: cc0223: {D} warning: function "delay_dycles" declared implicitly
  	delay_dycles(3500000);
  	^

"..\src\main.c", line 278: cc1080: {D} warning: Function does not have a full prototype
  	delay_dycles(3500000);
  	^

"..\src\main.c", line 280: cc0223: {D} warning: function "delay_Cycles" declared implicitly
  	delay_Cycles(3500000);
  	^

"..\src\main.c", line 280: cc1080: {D} warning: Function does not have a full prototype
  	delay_Cycles(3500000);
  	^

3 errors detected in the compilation of "..\src\main.c".
cc3089: fatal error: Compilation failed (code:2)
make: *** [src/subdir.mk:20: src/main.doj] Error 1
16:31:22 **** Incremental Build of configuration Debug for project Guitar Effects SDOS 2024 ****
make all 
'Building file: ../src/main.c'
'Invoking: CrossCore SHARC C/C++ Compiler'
cc21k -c -file-attr ProjectName="Guitar Effects SDOS 2024" -proc ADSP-21489 -flags-compiler --no_wrap_diagnostics -si-revision 0.2 -g -DCORE0 -DDO_CYCLE_COUNTS -D_DEBUG @includes-8098e5ce0b278afbb4303f541faa2ea6.txt -structs-do-not-overlap -no-const-strings -no-multiline -warn-protos -double-size-32 -swc -gnu-style-dependencies -MD -Mo "src/main.d" -o "src/main.doj" "../src/main.c"
"..\src\main.c", line 66: cc0144: {D} warning: a value of type "void *" cannot be used to initialize an entity of type "int"
  	int * input_signal = NULL, output_signal = NULL;
  	                                           ^

"..\src\main.c", line 82: cc0513: {D} warning: a value of type "int *" cannot be assigned to an entity of type "int"
  	output_signal = (int *)heap_malloc(index, sound_wav_len*sizeof(int));
  	              ^

"..\src\main.c", line 83: cc0042: {D} warning: operand types are incompatible ("int" and "void *")
  	if(output_signal == NULL)
  	                 ^

"..\src\main.c", line 91: cc0142:  error: expression must have pointer-to-object type
  		output_signal[i] = 0;
  		              ^

"..\src\main.c", line 95: cc0167: {D} warning: argument of type "int" is incompatible with parameter of type "int *"
  	delay(input_signal, output_signal, sound_wav_len);
  	                    ^

"..\src\main.c", line 99: cc0223: {D} warning: function "open" declared implicitly
  	file = open("output/delayed_signal.txt", "w");
  	       ^

"..\src\main.c", line 99: cc1080: {D} warning: Function does not have a full prototype
  	file = open("output/delayed_signal.txt", "w");
  	       ^

"..\src\main.c", line 99: cc0513: {D} warning: a value of type "int" cannot be assigned to an entity of type "FILE *"
  	file = open("output/delayed_signal.txt", "w");
  	     ^

"..\src\main.c", line 106: cc0142:  error: expression must have pointer-to-object type
  		fprintf(file, "%d\n", output_signal[i]);
  		                                    ^

"..\src\main.c", line 110: cc0167: {D} warning: argument of type "int" is incompatible with parameter of type "void *"
  	heap_free(index, output_signal);
  	                 ^

"..\src\main.c", line 196: cc0852:  error: expression must be a pointer to a complete object type
  		output_signal[i] = (int)(input_signal[i] * m_function[i]);
  		                                           ^

"..\src\main.c", line 278: cc0223: {D} warning: function "delay_dycles" declared implicitly
  	delay_dycles(3500000);
  	^

"..\src\main.c", line 278: cc1080: {D} warning: Function does not have a full prototype
  	delay_dycles(3500000);
  	^

"..\src\main.c", line 280: cc0223: {D} warning: function "delay_Cycles" declared implicitly
  	delay_Cycles(3500000);
  	^

"..\src\main.c", line 280: cc1080: {D} warning: Function does not have a full prototype
  	delay_Cycles(3500000);
  	^

3 errors detected in the compilation of "..\src\main.c".
cc3089: fatal error: Compilation failed (code:2)
make: *** [src/subdir.mk:20: src/main.doj] Error 1
16:35:06 **** Incremental Build of configuration Debug for project Guitar Effects SDOS 2024 ****
make all 
'Building file: ../src/main.c'
'Invoking: CrossCore SHARC C/C++ Compiler'
cc21k -c -file-attr ProjectName="Guitar Effects SDOS 2024" -proc ADSP-21489 -flags-compiler --no_wrap_diagnostics -si-revision 0.2 -g -DCORE0 -DDO_CYCLE_COUNTS -D_DEBUG @includes-8098e5ce0b278afbb4303f541faa2ea6.txt -structs-do-not-overlap -no-const-strings -no-multiline -warn-protos -double-size-32 -swc -gnu-style-dependencies -MD -Mo "src/main.d" -o "src/main.doj" "../src/main.c"
"..\src\main.c", line 100: cc0223: {D} warning: function "open" declared implicitly
  	file = open("output/delayed_signal.txt", "w");
  	       ^

"..\src\main.c", line 100: cc1080: {D} warning: Function does not have a full prototype
  	file = open("output/delayed_signal.txt", "w");
  	       ^

"..\src\main.c", line 100: cc0513: {D} warning: a value of type "int" cannot be assigned to an entity of type "FILE *"
  	file = open("output/delayed_signal.txt", "w");
  	     ^

"..\src\main.c", line 197: cc0852:  error: expression must be a pointer to a complete object type
  		output_signal[i] = (int)(input_signal[i] * m_function[i]);
  		                                           ^

"..\src\main.c", line 279: cc0223: {D} warning: function "delay_dycles" declared implicitly
  	delay_dycles(3500000);
  	^

"..\src\main.c", line 279: cc1080: {D} warning: Function does not have a full prototype
  	delay_dycles(3500000);
  	^

"..\src\main.c", line 281: cc0223: {D} warning: function "delay_Cycles" declared implicitly
  	delay_Cycles(3500000);
  	^

"..\src\main.c", line 281: cc1080: {D} warning: Function does not have a full prototype
  	delay_Cycles(3500000);
  	^

1 error detected in the compilation of "..\src\main.c".
cc3089: fatal error: Compilation failed (code:2)
make: *** [src/subdir.mk:20: src/main.doj] Error 1
16:37:51 **** Incremental Build of configuration Debug for project Guitar Effects SDOS 2024 ****
make all 
'Building file: ../src/main.c'
'Invoking: CrossCore SHARC C/C++ Compiler'
cc21k -c -file-attr ProjectName="Guitar Effects SDOS 2024" -proc ADSP-21489 -flags-compiler --no_wrap_diagnostics -si-revision 0.2 -g -DCORE0 -DDO_CYCLE_COUNTS -D_DEBUG @includes-8098e5ce0b278afbb4303f541faa2ea6.txt -structs-do-not-overlap -no-const-strings -no-multiline -warn-protos -double-size-32 -swc -gnu-style-dependencies -MD -Mo "src/main.d" -o "src/main.doj" "../src/main.c"
"..\src\main.c", line 197: cc0852:  error: expression must be a pointer to a complete object type
  		output_signal[i] = input_signal[i] * m_function[i];
  		                                     ^

1 error detected in the compilation of "..\src\main.c".
cc3089: fatal error: Compilation failed (code:2)
make: *** [src/subdir.mk:20: src/main.doj] Error 1
16:41:01 **** Incremental Build of configuration Debug for project Guitar Effects SDOS 2024 ****
make all 
'Building file: ../src/main.c'
'Invoking: CrossCore SHARC C/C++ Compiler'
cc21k -c -file-attr ProjectName="Guitar Effects SDOS 2024" -proc ADSP-21489 -flags-compiler --no_wrap_diagnostics -si-revision 0.2 -g -DCORE0 -DDO_CYCLE_COUNTS -D_DEBUG @includes-8098e5ce0b278afbb4303f541faa2ea6.txt -structs-do-not-overlap -no-const-strings -no-multiline -warn-protos -double-size-32 -swc -gnu-style-dependencies -MD -Mo "src/main.d" -o "src/main.doj" "../src/main.c"
"..\src\main.c", line 197: cc0852:  error: expression must be a pointer to a complete object type
  		output_signal[i] =(int)(input_signal[i] * m_function[i]);
  		                                          ^

1 error detected in the compilation of "..\src\main.c".
cc3089: fatal error: Compilation failed (code:2)
make: *** [src/subdir.mk:20: src/main.doj] Error 1
16:42:00 **** Incremental Build of configuration Debug for project Guitar Effects SDOS 2024 ****
make all 
'Building file: ../src/main.c'
'Invoking: CrossCore SHARC C/C++ Compiler'
cc21k -c -file-attr ProjectName="Guitar Effects SDOS 2024" -proc ADSP-21489 -flags-compiler --no_wrap_diagnostics -si-revision 0.2 -g -DCORE0 -DDO_CYCLE_COUNTS -D_DEBUG @includes-8098e5ce0b278afbb4303f541faa2ea6.txt -structs-do-not-overlap -no-const-strings -no-multiline -warn-protos -double-size-32 -swc -gnu-style-dependencies -MD -Mo "src/main.d" -o "src/main.doj" "../src/main.c"
'Finished building: ../src/main.c'
' '
'Building target: Guitar Effects SDOS 2024.dxe'
'Invoking: CrossCore SHARC Linker'
cc21k -proc ADSP-21489 -si-revision 0.2 -T "C:/Users/WIN10/Desktop/SDOS/CCES/Guitar Effects SDOS 2024/system/startup_ldf/app.ldf" -no-mem -L "C:/Users/WIN10/Desktop/SDOS/CCES/Guitar Effects SDOS 2024/Debug/system/startup_ldf" -flags-link -MDCORE0,-MDDEBUG -add-debug-libpaths -o "Guitar Effects SDOS 2024.dxe" @input-file.txt

[Error li1040] "C:\Users\WIN10\Desktop\SDOS\CCES\Guitar Effects SDOS 2024\system\startup_ldf\app.ldf":264 Out of memory in output section 'dxe_block2_pm_data' in processor 'p0'
        Total of 0x2a249 word(s) were not mapped.
For more details, see 'linker_log.xml' in the output directory.


[Error li1040] "C:\Users\WIN10\Desktop\SDOS\CCES\Guitar Effects SDOS 2024\system\startup_ldf\app.ldf":407 Out of memory in output section 'dxe_block3_overflow_data' in processor 'p0'
        Total of 0x2a249 word(s) were not mapped.
For more details, see 'linker_log.xml' in the output directory.


[Error li1040] "C:\Users\WIN10\Desktop\SDOS\CCES\Guitar Effects SDOS 2024\system\startup_ldf\app.ldf":438 Out of memory in output section 'dxe_block1_overflow_data' in processor 'p0'
        Total of 0x2a249 word(s) were not mapped.
For more details, see 'linker_log.xml' in the output directory.

Linker finished with 3 errors 
cc3089: fatal error: Link failed (code:1)
make: *** [makefile:95: Guitar Effects SDOS 2024.dxe] Error 1
16:47:49 **** Incremental Build of configuration Debug for project Guitar Effects SDOS 2024 ****
make all 
'Building file: ../src/main.c'
'Invoking: CrossCore SHARC C/C++ Compiler'
cc21k -c -file-attr ProjectName="Guitar Effects SDOS 2024" -proc ADSP-21489 -flags-compiler --no_wrap_diagnostics -si-revision 0.2 -g -DCORE0 -DDO_CYCLE_COUNTS -D_DEBUG @includes-8098e5ce0b278afbb4303f541faa2ea6.txt -structs-do-not-overlap -no-const-strings -no-multiline -warn-protos -double-size-32 -swc -gnu-style-dependencies -MD -Mo "src/main.d" -o "src/main.doj" "../src/main.c"
"..\src\main.c", line 96: cc0167:  error: argument of type "const pm int *" is incompatible with parameter of type "int *"
  	delay(sound_wav, output_signal, sound_wav_len);
  	      ^

1 error detected in the compilation of "..\src\main.c".
cc3089: fatal error: Compilation failed (code:2)
make: *** [src/subdir.mk:20: src/main.doj] Error 1
16:48:14 **** Incremental Build of configuration Debug for project Guitar Effects SDOS 2024 ****
make all 
'Building file: ../src/main.c'
'Invoking: CrossCore SHARC C/C++ Compiler'
cc21k -c -file-attr ProjectName="Guitar Effects SDOS 2024" -proc ADSP-21489 -flags-compiler --no_wrap_diagnostics -si-revision 0.2 -g -DCORE0 -DDO_CYCLE_COUNTS -D_DEBUG @includes-8098e5ce0b278afbb4303f541faa2ea6.txt -structs-do-not-overlap -no-const-strings -no-multiline -warn-protos -double-size-32 -swc -gnu-style-dependencies -MD -Mo "src/main.d" -o "src/main.doj" "../src/main.c"
"..\src\main.c", line 96: cc0167:  error: argument of type "const pm int *" is incompatible with parameter of type "int *"
  	delay(sound_wav, output_signal, sound_wav_len);
  	      ^

"..\src\main.c", line 116: cc0147:  error: declaration is incompatible with "void delay(int *, int *, unsigned int)" (declared at line 8 of "..\src\main.h")
  void delay(const pm int * input_signal, int * output_signal, unsigned int signal_length)
       ^

2 errors detected in the compilation of "..\src\main.c".
cc3089: fatal error: Compilation failed (code:2)
make: *** [src/subdir.mk:20: src/main.doj] Error 1
16:48:43 **** Incremental Build of configuration Debug for project Guitar Effects SDOS 2024 ****
make all 
'Building file: ../src/main.c'
'Invoking: CrossCore SHARC C/C++ Compiler'
cc21k -c -file-attr ProjectName="Guitar Effects SDOS 2024" -proc ADSP-21489 -flags-compiler --no_wrap_diagnostics -si-revision 0.2 -g -DCORE0 -DDO_CYCLE_COUNTS -D_DEBUG @includes-8098e5ce0b278afbb4303f541faa2ea6.txt -structs-do-not-overlap -no-const-strings -no-multiline -warn-protos -double-size-32 -swc -gnu-style-dependencies -MD -Mo "src/main.d" -o "src/main.doj" "../src/main.c"
'Finished building: ../src/main.c'
' '
'Building target: Guitar Effects SDOS 2024.dxe'
'Invoking: CrossCore SHARC Linker'
cc21k -proc ADSP-21489 -si-revision 0.2 -T "C:/Users/WIN10/Desktop/SDOS/CCES/Guitar Effects SDOS 2024/system/startup_ldf/app.ldf" -no-mem -L "C:/Users/WIN10/Desktop/SDOS/CCES/Guitar Effects SDOS 2024/Debug/system/startup_ldf" -flags-link -MDCORE0,-MDDEBUG -add-debug-libpaths -o "Guitar Effects SDOS 2024.dxe" @input-file.txt

[Error li1040] "C:\Users\WIN10\Desktop\SDOS\CCES\Guitar Effects SDOS 2024\system\startup_ldf\app.ldf":264 Out of memory in output section 'dxe_block2_pm_data' in processor 'p0'
        Total of 0x2a249 word(s) were not mapped.
For more details, see 'linker_log.xml' in the output directory.


[Error li1040] "C:\Users\WIN10\Desktop\SDOS\CCES\Guitar Effects SDOS 2024\system\startup_ldf\app.ldf":407 Out of memory in output section 'dxe_block3_overflow_data' in processor 'p0'
        Total of 0x2a249 word(s) were not mapped.
For more details, see 'linker_log.xml' in the output directory.


[Error li1040] "C:\Users\WIN10\Desktop\SDOS\CCES\Guitar Effects SDOS 2024\system\startup_ldf\app.ldf":438 Out of memory in output section 'dxe_block1_overflow_data' in processor 'p0'
        Total of 0x2a249 word(s) were not mapped.
For more details, see 'linker_log.xml' in the output directory.

Linker finished with 3 errors 
cc3089: fatal error: Link failed (code:1)
make: *** [makefile:95: Guitar Effects SDOS 2024.dxe] Error 1
16:52:42 **** Incremental Build of configuration Debug for project Guitar Effects SDOS 2024 ****
make all 
'Building file: ../src/main.c'
'Invoking: CrossCore SHARC C/C++ Compiler'
cc21k -c -file-attr ProjectName="Guitar Effects SDOS 2024" -proc ADSP-21489 -flags-compiler --no_wrap_diagnostics -si-revision 0.2 -g -DCORE0 -DDO_CYCLE_COUNTS -D_DEBUG @includes-8098e5ce0b278afbb4303f541faa2ea6.txt -structs-do-not-overlap -no-const-strings -no-multiline -warn-protos -double-size-32 -swc -gnu-style-dependencies -MD -Mo "src/main.d" -o "src/main.doj" "../src/main.c"
'Finished building: ../src/main.c'
' '
'Building target: Guitar Effects SDOS 2024.dxe'
'Invoking: CrossCore SHARC Linker'
cc21k -proc ADSP-21489 -si-revision 0.2 -T "C:/Users/WIN10/Desktop/SDOS/CCES/Guitar Effects SDOS 2024/system/startup_ldf/app.ldf" -no-mem -L "C:/Users/WIN10/Desktop/SDOS/CCES/Guitar Effects SDOS 2024/Debug/system/startup_ldf" -flags-link -MDCORE0,-MDDEBUG -add-debug-libpaths -o "Guitar Effects SDOS 2024.dxe" @input-file.txt

[Error li1040] "C:\Users\WIN10\Desktop\SDOS\CCES\Guitar Effects SDOS 2024\system\startup_ldf\app.ldf":264 Out of memory in output section 'dxe_block2_pm_data' in processor 'p0'
        Total of 0x2a249 word(s) were not mapped.
For more details, see 'linker_log.xml' in the output directory.


[Error li1040] "C:\Users\WIN10\Desktop\SDOS\CCES\Guitar Effects SDOS 2024\system\startup_ldf\app.ldf":407 Out of memory in output section 'dxe_block3_overflow_data' in processor 'p0'
        Total of 0x2a249 word(s) were not mapped.
For more details, see 'linker_log.xml' in the output directory.


[Error li1040] "C:\Users\WIN10\Desktop\SDOS\CCES\Guitar Effects SDOS 2024\system\startup_ldf\app.ldf":438 Out of memory in output section 'dxe_block1_overflow_data' in processor 'p0'
        Total of 0x2a249 word(s) were not mapped.
For more details, see 'linker_log.xml' in the output directory.


[Error li1040] "C:\Users\WIN10\Desktop\SDOS\CCES\Guitar Effects SDOS 2024\system\startup_ldf\app.ldf":541 Out of memory in output section 'dxe_audio_samples' in processor 'p0'
        Total of 0xc8000 word(s) were not mapped.
For more details, see 'linker_log.xml' in the output directory.

Linker finished with 4 errors 
cc3089: fatal error: Link failed (code:1)
make: *** [makefile:95: Guitar Effects SDOS 2024.dxe] Error 1
16:53:44 **** Incremental Build of configuration Debug for project Guitar Effects SDOS 2024 ****
make all 
'Building file: ../src/main.c'
'Invoking: CrossCore SHARC C/C++ Compiler'
cc21k -c -file-attr ProjectName="Guitar Effects SDOS 2024" -proc ADSP-21489 -flags-compiler --no_wrap_diagnostics -si-revision 0.2 -g -DCORE0 -DDO_CYCLE_COUNTS -D_DEBUG @includes-8098e5ce0b278afbb4303f541faa2ea6.txt -structs-do-not-overlap -no-const-strings -no-multiline -warn-protos -double-size-32 -swc -gnu-style-dependencies -MD -Mo "src/main.d" -o "src/main.doj" "../src/main.c"
'Finished building: ../src/main.c'
' '
'Building target: Guitar Effects SDOS 2024.dxe'
'Invoking: CrossCore SHARC Linker'
cc21k -proc ADSP-21489 -si-revision 0.2 -T "C:/Users/WIN10/Desktop/SDOS/CCES/Guitar Effects SDOS 2024/system/startup_ldf/app.ldf" -no-mem -L "C:/Users/WIN10/Desktop/SDOS/CCES/Guitar Effects SDOS 2024/Debug/system/startup_ldf" -flags-link -MDCORE0,-MDDEBUG -add-debug-libpaths -o "Guitar Effects SDOS 2024.dxe" @input-file.txt

[Error li1040] "C:\Users\WIN10\Desktop\SDOS\CCES\Guitar Effects SDOS 2024\system\startup_ldf\app.ldf":264 Out of memory in output section 'dxe_block2_pm_data' in processor 'p0'
        Total of 0x2a249 word(s) were not mapped.
For more details, see 'linker_log.xml' in the output directory.


[Error li1040] "C:\Users\WIN10\Desktop\SDOS\CCES\Guitar Effects SDOS 2024\system\startup_ldf\app.ldf":407 Out of memory in output section 'dxe_block3_overflow_data' in processor 'p0'
        Total of 0x2a249 word(s) were not mapped.
For more details, see 'linker_log.xml' in the output directory.


[Error li1040] "C:\Users\WIN10\Desktop\SDOS\CCES\Guitar Effects SDOS 2024\system\startup_ldf\app.ldf":438 Out of memory in output section 'dxe_block1_overflow_data' in processor 'p0'
        Total of 0x2a249 word(s) were not mapped.
For more details, see 'linker_log.xml' in the output directory.

Linker finished with 3 errors 
cc3089: fatal error: Link failed (code:1)
make: *** [makefile:95: Guitar Effects SDOS 2024.dxe] Error 1
16:57:56 **** Incremental Build of configuration Debug for project Guitar Effects SDOS 2024 ****
make all 
'Building target: Guitar Effects SDOS 2024.dxe'
'Invoking: CrossCore SHARC Linker'
cc21k -proc ADSP-21489 -si-revision 0.2 -T "C:/Users/WIN10/Desktop/SDOS/CCES/Guitar Effects SDOS 2024/system/startup_ldf/app.ldf" -no-mem -L "C:/Users/WIN10/Desktop/SDOS/CCES/Guitar Effects SDOS 2024/Debug/system/startup_ldf" -flags-link -MDCORE0,-MDDEBUG -add-debug-libpaths -o "Guitar Effects SDOS 2024.dxe" @input-file.txt
[Error el1013] "C:\Users\WIN10\Desktop\SDOS\CCES\Guitar Effects SDOS 2024\system\startup_ldf\app.ldf":546 Memory 'mem_sdram' not found.

Linker finished with 1 error 
cc3089: fatal error: Link failed (code:1)
make: *** [makefile:95: Guitar Effects SDOS 2024.dxe] Error 1
17:04:29 **** Incremental Build of configuration Debug for project Guitar Effects SDOS 2024 ****
make all 
'Building file: ../src/main.c'
'Invoking: CrossCore SHARC C/C++ Compiler'
cc21k -c -file-attr ProjectName="Guitar Effects SDOS 2024" -proc ADSP-21489 -flags-compiler --no_wrap_diagnostics -si-revision 0.2 -g -DCORE0 -DDO_CYCLE_COUNTS -D_DEBUG @includes-8098e5ce0b278afbb4303f541faa2ea6.txt -structs-do-not-overlap -no-const-strings -no-multiline -warn-protos -double-size-32 -swc -gnu-style-dependencies -MD -Mo "src/main.d" -o "src/main.doj" "../src/main.c"
'Finished building: ../src/main.c'
' '
'Building target: Guitar Effects SDOS 2024.dxe'
'Invoking: CrossCore SHARC Linker'
cc21k -proc ADSP-21489 -si-revision 0.2 -T "C:/Users/WIN10/Desktop/SDOS/CCES/Guitar Effects SDOS 2024/system/startup_ldf/app.ldf" -no-mem -L "C:/Users/WIN10/Desktop/SDOS/CCES/Guitar Effects SDOS 2024/Debug/system/startup_ldf" -flags-link -MDCORE0,-MDDEBUG -add-debug-libpaths -o "Guitar Effects SDOS 2024.dxe" @input-file.txt
[Error el1013] "C:\Users\WIN10\Desktop\SDOS\CCES\Guitar Effects SDOS 2024\system\startup_ldf\app.ldf":546 Memory 'mem_sdram' not found.

Linker finished with 1 error 
cc3089: fatal error: Link failed (code:1)
make: *** [makefile:95: Guitar Effects SDOS 2024.dxe] Error 1
17:08:41 **** Incremental Build of configuration Debug for project Guitar Effects SDOS 2024 ****
make all 
'Building target: Guitar Effects SDOS 2024.dxe'
'Invoking: CrossCore SHARC Linker'
cc21k -proc ADSP-21489 -si-revision 0.2 -T "C:/Users/WIN10/Desktop/SDOS/CCES/Guitar Effects SDOS 2024/system/startup_ldf/app.ldf" -no-mem -L "C:/Users/WIN10/Desktop/SDOS/CCES/Guitar Effects SDOS 2024/Debug/system/startup_ldf" -flags-link -MDCORE0,-MDDEBUG -add-debug-libpaths -o "Guitar Effects SDOS 2024.dxe" @input-file.txt

[Error li1040] "C:\Users\WIN10\Desktop\SDOS\CCES\Guitar Effects SDOS 2024\system\startup_ldf\app.ldf":264 Out of memory in output section 'dxe_block2_pm_data' in processor 'p0'
        Total of 0x2a249 word(s) were not mapped.
For more details, see 'linker_log.xml' in the output directory.


[Error li1040] "C:\Users\WIN10\Desktop\SDOS\CCES\Guitar Effects SDOS 2024\system\startup_ldf\app.ldf":407 Out of memory in output section 'dxe_block3_overflow_data' in processor 'p0'
        Total of 0x2a249 word(s) were not mapped.
For more details, see 'linker_log.xml' in the output directory.


[Error li1040] "C:\Users\WIN10\Desktop\SDOS\CCES\Guitar Effects SDOS 2024\system\startup_ldf\app.ldf":438 Out of memory in output section 'dxe_block1_overflow_data' in processor 'p0'
        Total of 0x2a249 word(s) were not mapped.
For more details, see 'linker_log.xml' in the output directory.

Linker finished with 3 errors 
cc3089: fatal error: Link failed (code:1)
make: *** [makefile:95: Guitar Effects SDOS 2024.dxe] Error 1
17:10:12 **** Incremental Build of configuration Debug for project Guitar Effects SDOS 2024 ****
make all 
'Building file: ../system/startup_ldf/app_IVT.s'
'Invoking: CrossCore SHARC Assembler'
easm21k -file-attr ProjectName="Guitar Effects SDOS 2024" -proc ADSP-21489 -si-revision 0.2 -g -DCORE0 -D_DEBUG @includes-045b804b93dee73bd7ca0f88746a6877.txt -swc -gnu-style-dependencies -MM -Mo "system/startup_ldf/app_IVT.d" -o "system/startup_ldf/app_IVT.doj" "../system/startup_ldf/app_IVT.s"
'Finished building: ../system/startup_ldf/app_IVT.s'
' '
'Building file: ../system/startup_ldf/app_heaptab.c'
'Invoking: CrossCore SHARC C/C++ Compiler'
cc21k -c -file-attr ProjectName="Guitar Effects SDOS 2024" -proc ADSP-21489 -flags-compiler --no_wrap_diagnostics -si-revision 0.2 -g -DCORE0 -DDO_CYCLE_COUNTS -D_DEBUG @includes-8098e5ce0b278afbb4303f541faa2ea6.txt -structs-do-not-overlap -no-const-strings -no-multiline -warn-protos -double-size-32 -swc -gnu-style-dependencies -MD -Mo "system/startup_ldf/app_heaptab.d" -o "system/startup_ldf/app_heaptab.doj" "../system/startup_ldf/app_heaptab.c"
'Finished building: ../system/startup_ldf/app_heaptab.c'
' '
'Building file: ../system/startup_ldf/app_startup.s'
'Invoking: CrossCore SHARC Assembler'
easm21k -file-attr ProjectName="Guitar Effects SDOS 2024" -proc ADSP-21489 -si-revision 0.2 -g -DCORE0 -D_DEBUG @includes-045b804b93dee73bd7ca0f88746a6877.txt -swc -gnu-style-dependencies -MM -Mo "system/startup_ldf/app_startup.d" -o "system/startup_ldf/app_startup.doj" "../system/startup_ldf/app_startup.s"
'Finished building: ../system/startup_ldf/app_startup.s'
' '
'Building target: Guitar Effects SDOS 2024.dxe'
'Invoking: CrossCore SHARC Linker'
cc21k -proc ADSP-21489 -si-revision 0.2 -T "C:/Users/WIN10/Desktop/SDOS/CCES/Guitar Effects SDOS 2024/system/startup_ldf/app.ldf" -no-mem -L "C:/Users/WIN10/Desktop/SDOS/CCES/Guitar Effects SDOS 2024/Debug/system/startup_ldf" -flags-link -MDCORE0,-MDDEBUG -add-debug-libpaths -o "Guitar Effects SDOS 2024.dxe" @input-file.txt
'Finished building target: Guitar Effects SDOS 2024.dxe'
' '
17:14:45 **** Incremental Build of configuration Debug for project Guitar Effects SDOS 2024 ****
make all 
make: Nothing to be done for 'all'.
17:19:18 **** Incremental Build of configuration Debug for project Guitar Effects SDOS 2024 ****
make all 
'Building file: ../src/main.c'
'Invoking: CrossCore SHARC C/C++ Compiler'
cc21k -c -file-attr ProjectName="Guitar Effects SDOS 2024" -proc ADSP-21489 -flags-compiler --no_wrap_diagnostics -si-revision 0.2 -g -DCORE0 -DDO_CYCLE_COUNTS -D_DEBUG @includes-8098e5ce0b278afbb4303f541faa2ea6.txt -structs-do-not-overlap -no-const-strings -no-multiline -warn-protos -double-size-32 -swc -gnu-style-dependencies -MD -Mo "src/main.d" -o "src/main.doj" "../src/main.c"
'Finished building: ../src/main.c'
' '
'Building target: Guitar Effects SDOS 2024.dxe'
'Invoking: CrossCore SHARC Linker'
cc21k -proc ADSP-21489 -si-revision 0.2 -T "C:/Users/WIN10/Desktop/SDOS/CCES/Guitar Effects SDOS 2024/system/startup_ldf/app.ldf" -no-mem -L "C:/Users/WIN10/Desktop/SDOS/CCES/Guitar Effects SDOS 2024/Debug/system/startup_ldf" -flags-link -MDCORE0,-MDDEBUG -add-debug-libpaths -o "Guitar Effects SDOS 2024.dxe" @input-file.txt
'Finished building target: Guitar Effects SDOS 2024.dxe'
' '
17:19:34 **** Incremental Build of configuration Debug for project Guitar Effects SDOS 2024 ****
make all 
make: Nothing to be done for 'all'.
17:20:20 **** Incremental Build of configuration Debug for project Guitar Effects SDOS 2024 ****
make all 
make: Nothing to be done for 'all'.
17:20:53 **** Incremental Build of configuration Debug for project Guitar Effects SDOS 2024 ****
make all 
make: Nothing to be done for 'all'.
17:22:21 **** Incremental Build of configuration Debug for project Guitar Effects SDOS 2024 ****
make all 
'Building file: ../src/main.c'
'Invoking: CrossCore SHARC C/C++ Compiler'
cc21k -c -file-attr ProjectName="Guitar Effects SDOS 2024" -proc ADSP-21489 -flags-compiler --no_wrap_diagnostics -si-revision 0.2 -g -DCORE0 -DDO_CYCLE_COUNTS -D_DEBUG @includes-8098e5ce0b278afbb4303f541faa2ea6.txt -structs-do-not-overlap -no-const-strings -no-multiline -warn-protos -double-size-32 -swc -gnu-style-dependencies -MD -Mo "src/main.d" -o "src/main.doj" "../src/main.c"
'Finished building: ../src/main.c'
' '
'Building target: Guitar Effects SDOS 2024.dxe'
'Invoking: CrossCore SHARC Linker'
cc21k -proc ADSP-21489 -si-revision 0.2 -T "C:/Users/WIN10/Desktop/SDOS/CCES/Guitar Effects SDOS 2024/system/startup_ldf/app.ldf" -no-mem -L "C:/Users/WIN10/Desktop/SDOS/CCES/Guitar Effects SDOS 2024/Debug/system/startup_ldf" -flags-link -MDCORE0,-MDDEBUG -add-debug-libpaths -o "Guitar Effects SDOS 2024.dxe" @input-file.txt
'Finished building target: Guitar Effects SDOS 2024.dxe'
' '
17:31:40 **** Incremental Build of configuration Debug for project Guitar Effects SDOS 2024 ****
make all 
'Building file: ../src/main.c'
'Invoking: CrossCore SHARC C/C++ Compiler'
cc21k -c -file-attr ProjectName="Guitar Effects SDOS 2024" -proc ADSP-21489 -flags-compiler --no_wrap_diagnostics -si-revision 0.2 -g -DCORE0 -DDO_CYCLE_COUNTS -D_DEBUG @includes-8098e5ce0b278afbb4303f541faa2ea6.txt -structs-do-not-overlap -no-const-strings -no-multiline -warn-protos -double-size-32 -swc -gnu-style-dependencies -MD -Mo "src/main.d" -o "src/main.doj" "../src/main.c"
'Finished building: ../src/main.c'
' '
'Building target: Guitar Effects SDOS 2024.dxe'
'Invoking: CrossCore SHARC Linker'
cc21k -proc ADSP-21489 -si-revision 0.2 -T "C:/Users/WIN10/Desktop/SDOS/CCES/Guitar Effects SDOS 2024/system/startup_ldf/app.ldf" -no-mem -L "C:/Users/WIN10/Desktop/SDOS/CCES/Guitar Effects SDOS 2024/Debug/system/startup_ldf" -flags-link -MDCORE0,-MDDEBUG -add-debug-libpaths -o "Guitar Effects SDOS 2024.dxe" @input-file.txt
'Finished building target: Guitar Effects SDOS 2024.dxe'
' '
19:47:39 **** Incremental Build of configuration Debug for project Guitar Effects SDOS 2024 ****
make all 
'Building file: ../src/main.c'
'Invoking: CrossCore SHARC C/C++ Compiler'
cc21k -c -file-attr ProjectName="Guitar Effects SDOS 2024" -proc ADSP-21489 -flags-compiler --no_wrap_diagnostics -si-revision 0.2 -g -DCORE0 -DDO_CYCLE_COUNTS -D_DEBUG @includes-8098e5ce0b278afbb4303f541faa2ea6.txt -structs-do-not-overlap -no-const-strings -no-multiline -warn-protos -double-size-32 -swc -gnu-style-dependencies -MD -Mo "src/main.d" -o "src/main.doj" "../src/main.c"
"..\src\main.c", line 97: cc0167:  error: argument of type "const pm int *" is incompatible with parameter of type "int *"
  	echo(sound_wav, output_signal, sound_wav_len);
  	     ^

1 error detected in the compilation of "..\src\main.c".
cc3089: fatal error: Compilation failed (code:2)
make: *** [src/subdir.mk:20: src/main.doj] Error 1
19:48:25 **** Incremental Build of configuration Debug for project Guitar Effects SDOS 2024 ****
make all 
'Building file: ../src/main.c'
'Invoking: CrossCore SHARC C/C++ Compiler'
cc21k -c -file-attr ProjectName="Guitar Effects SDOS 2024" -proc ADSP-21489 -flags-compiler --no_wrap_diagnostics -si-revision 0.2 -g -DCORE0 -DDO_CYCLE_COUNTS -D_DEBUG @includes-8098e5ce0b278afbb4303f541faa2ea6.txt -structs-do-not-overlap -no-const-strings -no-multiline -warn-protos -double-size-32 -swc -gnu-style-dependencies -MD -Mo "src/main.d" -o "src/main.doj" "../src/main.c"
"..\src\main.c", line 143: cc0147:  error: declaration is incompatible with "void compressor(int *, int *, unsigned int)" (declared at line 10 of "..\src\main.h")
  void compressor(const pm int * input_signal, int * output_signal, unsigned int signal_length)
       ^

1 error detected in the compilation of "..\src\main.c".
cc3089: fatal error: Compilation failed (code:2)
make: *** [src/subdir.mk:20: src/main.doj] Error 1
19:48:44 **** Incremental Build of configuration Debug for project Guitar Effects SDOS 2024 ****
make all 
'Building file: ../src/main.c'
'Invoking: CrossCore SHARC C/C++ Compiler'
cc21k -c -file-attr ProjectName="Guitar Effects SDOS 2024" -proc ADSP-21489 -flags-compiler --no_wrap_diagnostics -si-revision 0.2 -g -DCORE0 -DDO_CYCLE_COUNTS -D_DEBUG @includes-8098e5ce0b278afbb4303f541faa2ea6.txt -structs-do-not-overlap -no-const-strings -no-multiline -warn-protos -double-size-32 -swc -gnu-style-dependencies -MD -Mo "src/main.d" -o "src/main.doj" "../src/main.c"
'Finished building: ../src/main.c'
' '
'Building target: Guitar Effects SDOS 2024.dxe'
'Invoking: CrossCore SHARC Linker'
cc21k -proc ADSP-21489 -si-revision 0.2 -T "C:/Users/WIN10/Desktop/SDOS/CCES/Guitar Effects SDOS 2024/system/startup_ldf/app.ldf" -no-mem -L "C:/Users/WIN10/Desktop/SDOS/CCES/Guitar Effects SDOS 2024/Debug/system/startup_ldf" -flags-link -MDCORE0,-MDDEBUG -add-debug-libpaths -o "Guitar Effects SDOS 2024.dxe" @input-file.txt
'Finished building target: Guitar Effects SDOS 2024.dxe'
' '
19:48:59 **** Incremental Build of configuration Debug for project Guitar Effects SDOS 2024 ****
make all 
make: Nothing to be done for 'all'.
19:49:58 **** Incremental Build of configuration Debug for project Guitar Effects SDOS 2024 ****
make all 
make: Nothing to be done for 'all'.
19:50:10 **** Incremental Build of configuration Debug for project Guitar Effects SDOS 2024 ****
make all 
make: Nothing to be done for 'all'.
19:52:13 **** Incremental Build of configuration Debug for project Guitar Effects SDOS 2024 ****
make all 
make: Nothing to be done for 'all'.
19:53:20 **** Clean-only build of configuration Debug for project Guitar Effects SDOS 2024 ****
make clean 
clean    linker_log.xml    "./system/startup_ldf/app_IVT.doj"  "./system/startup_ldf/app_heaptab.doj"  "./system/startup_ldf/app_startup.doj"  "./system/sru/sru_config.doj"  "./system/adi_initialize.doj"  "./src/main.doj"     "./system/startup_ldf/app_IVT.d"  "./system/startup_ldf/app_startup.d"  "./system/startup_ldf/app_heaptab.d"  "./system/sru/sru_config.d"  "./system/adi_initialize.d"  "./src/main.d"   "Guitar Effects SDOS 2024.dxe"
' '
19:53:22 **** Build of configuration Debug for project Guitar Effects SDOS 2024 ****
make all 
'Building file: ../system/startup_ldf/app_IVT.s'
'Invoking: CrossCore SHARC Assembler'
easm21k -file-attr ProjectName="Guitar Effects SDOS 2024" -proc ADSP-21489 -si-revision 0.2 -g -DCORE0 -D_DEBUG @includes-045b804b93dee73bd7ca0f88746a6877.txt -swc -gnu-style-dependencies -MM -Mo "system/startup_ldf/app_IVT.d" -o "system/startup_ldf/app_IVT.doj" "../system/startup_ldf/app_IVT.s"
'Finished building: ../system/startup_ldf/app_IVT.s'
' '
'Building file: ../system/startup_ldf/app_heaptab.c'
'Invoking: CrossCore SHARC C/C++ Compiler'
cc21k -c -file-attr ProjectName="Guitar Effects SDOS 2024" -proc ADSP-21489 -flags-compiler --no_wrap_diagnostics -si-revision 0.2 -g -DCORE0 -DDO_CYCLE_COUNTS -D_DEBUG @includes-8098e5ce0b278afbb4303f541faa2ea6.txt -structs-do-not-overlap -no-const-strings -no-multiline -warn-protos -double-size-32 -swc -gnu-style-dependencies -MD -Mo "system/startup_ldf/app_heaptab.d" -o "system/startup_ldf/app_heaptab.doj" "../system/startup_ldf/app_heaptab.c"
'Finished building: ../system/startup_ldf/app_heaptab.c'
' '
'Building file: ../system/startup_ldf/app_startup.s'
'Invoking: CrossCore SHARC Assembler'
easm21k -file-attr ProjectName="Guitar Effects SDOS 2024" -proc ADSP-21489 -si-revision 0.2 -g -DCORE0 -D_DEBUG @includes-045b804b93dee73bd7ca0f88746a6877.txt -swc -gnu-style-dependencies -MM -Mo "system/startup_ldf/app_startup.d" -o "system/startup_ldf/app_startup.doj" "../system/startup_ldf/app_startup.s"
'Finished building: ../system/startup_ldf/app_startup.s'
' '
'Building file: ../system/sru/sru_config.c'
'Invoking: CrossCore SHARC C/C++ Compiler'
cc21k -c -file-attr ProjectName="Guitar Effects SDOS 2024" -proc ADSP-21489 -flags-compiler --no_wrap_diagnostics -si-revision 0.2 -g -DCORE0 -DDO_CYCLE_COUNTS -D_DEBUG @includes-8098e5ce0b278afbb4303f541faa2ea6.txt -structs-do-not-overlap -no-const-strings -no-multiline -warn-protos -double-size-32 -swc -gnu-style-dependencies -MD -Mo "system/sru/sru_config.d" -o "system/sru/sru_config.doj" "../system/sru/sru_config.c"
'Finished building: ../system/sru/sru_config.c'
' '
'Building file: ../system/adi_initialize.c'
'Invoking: CrossCore SHARC C/C++ Compiler'
cc21k -c -file-attr ProjectName="Guitar Effects SDOS 2024" -proc ADSP-21489 -flags-compiler --no_wrap_diagnostics -si-revision 0.2 -g -DCORE0 -DDO_CYCLE_COUNTS -D_DEBUG @includes-8098e5ce0b278afbb4303f541faa2ea6.txt -structs-do-not-overlap -no-const-strings -no-multiline -warn-protos -double-size-32 -swc -gnu-style-dependencies -MD -Mo "system/adi_initialize.d" -o "system/adi_initialize.doj" "../system/adi_initialize.c"
'Finished building: ../system/adi_initialize.c'
' '
'Building file: ../src/main.c'
'Invoking: CrossCore SHARC C/C++ Compiler'
cc21k -c -file-attr ProjectName="Guitar Effects SDOS 2024" -proc ADSP-21489 -flags-compiler --no_wrap_diagnostics -si-revision 0.2 -g -DCORE0 -DDO_CYCLE_COUNTS -D_DEBUG @includes-8098e5ce0b278afbb4303f541faa2ea6.txt -structs-do-not-overlap -no-const-strings -no-multiline -warn-protos -double-size-32 -swc -gnu-style-dependencies -MD -Mo "src/main.d" -o "src/main.doj" "../src/main.c"
'Finished building: ../src/main.c'
' '
'Building target: Guitar Effects SDOS 2024.dxe'
'Invoking: CrossCore SHARC Linker'
cc21k -proc ADSP-21489 -si-revision 0.2 -T "C:/Users/WIN10/Desktop/SDOS/CCES/Guitar Effects SDOS 2024/system/startup_ldf/app.ldf" -no-mem -L "C:/Users/WIN10/Desktop/SDOS/CCES/Guitar Effects SDOS 2024/Debug/system/startup_ldf" -flags-link -MDCORE0,-MDDEBUG -add-debug-libpaths -o "Guitar Effects SDOS 2024.dxe" @input-file.txt
'Finished building target: Guitar Effects SDOS 2024.dxe'
' '
19:54:19 **** Incremental Build of configuration Debug for project Guitar Effects SDOS 2024 ****
make all 
make: Nothing to be done for 'all'.
20:16:10 **** Incremental Build of configuration Debug for project Guitar Effects SDOS 2024 ****
make all 
make: Nothing to be done for 'all'.
20:16:55 **** Incremental Build of configuration Debug for project Guitar Effects SDOS 2024 ****
make all 
make: Nothing to be done for 'all'.
20:17:31 **** Incremental Build of configuration Debug for project Guitar Effects SDOS 2024 ****
make all 
make: Nothing to be done for 'all'.
20:18:41 **** Incremental Build of configuration Debug for project Guitar Effects SDOS 2024 ****
make all 
make: Nothing to be done for 'all'.
20:19:43 **** Incremental Build of configuration Debug for project Guitar Effects SDOS 2024 ****
make all 
make: Nothing to be done for 'all'.
20:20:29 **** Incremental Build of configuration Debug for project Guitar Effects SDOS 2024 ****
make all 
make: Nothing to be done for 'all'.
12:08:52 **** Incremental Build of configuration Debug for project Guitar Effects SDOS 2024 ****
make all 
make: Nothing to be done for 'all'.
12:09:16 **** Incremental Build of configuration Debug for project Guitar Effects SDOS 2024 ****
make all 
make: Nothing to be done for 'all'.
